# JRE version: OpenJDK Runtime Environment (8.0) (build 1.8.0-25-microsoft-b00)
# Java VM: OpenJDK 64-Bit Server VM (25.71-b00 mixed mode windows-amd64 compressed oops)
Heap:
 PSYoungGen      total 315904K, used 284121K [0x00000000eab00000, 0x0000000100000000, 0x0000000100000000)
  eden space 286720K, 90% used [0x00000000eab00000,0x00000000fa97a698,0x00000000fc300000)
  from space 29184K, 80% used [0x00000000fe380000,0x00000000ffa7c020,0x0000000100000000)
  to   space 31232K, 0% used [0x00000000fc300000,0x00000000fc300000,0x00000000fe180000)
 ParOldGen       total 86016K, used 61237K [0x00000000c0000000, 0x00000000c5400000, 0x00000000eab00000)
  object space 86016K, 71% used [0x00000000c0000000,0x00000000c3bcd488,0x00000000c5400000)
 Metaspace       used 18560K, capacity 19872K, committed 20608K, reserved 1067008K
  class space    used 2251K, capacity 2510K, committed 2688K, reserved 1048576K
GC Heap History (10 events):
Event: 3.617 GC heap before
{Heap before GC invocations=17 (full 1):
 PSYoungGen      total 317440K, used 295616K [0x00000000eab00000, 0x00000000ffe80000, 0x0000000100000000)
  eden space 286720K, 100% used [0x00000000eab00000,0x00000000fc300000,0x00000000fc300000)
  from space 30720K, 28% used [0x00000000fc300000,0x00000000fcbb0000,0x00000000fe100000)
  to   space 29696K, 0% used [0x00000000fe180000,0x00000000fe180000,0x00000000ffe80000)
 ParOldGen       total 86016K, used 61229K [0x00000000c0000000, 0x00000000c5400000, 0x00000000eab00000)
  object space 86016K, 71% used [0x00000000c0000000,0x00000000c3bcb488,0x00000000c5400000)
 Metaspace       used 17204K, capacity 18168K, committed 19328K, reserved 1067008K
  class space    used 2075K, capacity 2312K, committed 2688K, reserved 1048576K
Event: 3.624 GC heap after
Heap after GC invocations=17 (full 1):
 PSYoungGen      total 314880K, used 11704K [0x00000000eab00000, 0x00000000ffb00000, 0x0000000100000000)
  eden space 288768K, 0% used [0x00000000eab00000,0x00000000eab00000,0x00000000fc500000)
  from space 26112K, 44% used [0x00000000fe180000,0x00000000fecee058,0x00000000ffb00000)
  to   space 27648K, 0% used [0x00000000fc500000,0x00000000fc500000,0x00000000fe000000)
 ParOldGen       total 86016K, used 61229K [0x00000000c0000000, 0x00000000c5400000, 0x00000000eab00000)
  object space 86016K, 71% used [0x00000000c0000000,0x00000000c3bcb488,0x00000000c5400000)
 Metaspace       used 17204K, capacity 18168K, committed 19328K, reserved 1067008K
  class space    used 2075K, capacity 2312K, committed 2688K, reserved 1048576K
}
Event: 3.794 GC heap before
{Heap before GC invocations=18 (full 1):
 PSYoungGen      total 314880K, used 300472K [0x00000000eab00000, 0x00000000ffb00000, 0x0000000100000000)
  eden space 288768K, 100% used [0x00000000eab00000,0x00000000fc500000,0x00000000fc500000)
  from space 26112K, 44% used [0x00000000fe180000,0x00000000fecee058,0x00000000ffb00000)
  to   space 27648K, 0% used [0x00000000fc500000,0x00000000fc500000,0x00000000fe000000)
 ParOldGen       total 86016K, used 61229K [0x00000000c0000000, 0x00000000c5400000, 0x00000000eab00000)
  object space 86016K, 71% used [0x00000000c0000000,0x00000000c3bcb488,0x00000000c5400000)
 Metaspace       used 17217K, capacity 18168K, committed 19328K, reserved 1067008K
  class space    used 2076K, capacity 2312K, committed 2688K, reserved 1048576K
Event: 3.801 GC heap after
Heap after GC invocations=18 (full 1):
 PSYoungGen      total 316416K, used 14608K [0x00000000eab00000, 0x0000000100000000, 0x0000000100000000)
  eden space 288768K, 0% used [0x00000000eab00000,0x00000000eab00000,0x00000000fc500000)
  from space 27648K, 52% used [0x00000000fc500000,0x00000000fd344020,0x00000000fe000000)
  to   space 27136K, 0% used [0x00000000fe580000,0x00000000fe580000,0x0000000100000000)
 ParOldGen       total 86016K, used 61229K [0x00000000c0000000, 0x00000000c5400000, 0x00000000eab00000)
  object space 86016K, 71% used [0x00000000c0000000,0x00000000c3bcb488,0x00000000c5400000)
 Metaspace       used 17217K, capacity 18168K, committed 19328K, reserved 1067008K
  class space    used 2076K, capacity 2312K, committed 2688K, reserved 1048576K
}
Event: 3.967 GC heap before
{Heap before GC invocations=19 (full 1):
 PSYoungGen      total 316416K, used 303376K [0x00000000eab00000, 0x0000000100000000, 0x0000000100000000)
  eden space 288768K, 100% used [0x00000000eab00000,0x00000000fc500000,0x00000000fc500000)
  from space 27648K, 52% used [0x00000000fc500000,0x00000000fd344020,0x00000000fe000000)
  to   space 27136K, 0% used [0x00000000fe580000,0x00000000fe580000,0x0000000100000000)
 ParOldGen       total 86016K, used 61229K [0x00000000c0000000, 0x00000000c5400000, 0x00000000eab00000)
  object space 86016K, 71% used [0x00000000c0000000,0x00000000c3bcb488,0x00000000c5400000)
 Metaspace       used 17227K, capacity 18232K, committed 19328K, reserved 1067008K
  class space    used 2076K, capacity 2312K, committed 2688K, reserved 1048576K
Event: 3.975 GC heap after
Heap after GC invocations=19 (full 1):
 PSYoungGen      total 321024K, used 17584K [0x00000000eab00000, 0x0000000100000000, 0x0000000100000000)
  eden space 293888K, 0% used [0x00000000eab00000,0x00000000eab00000,0x00000000fca00000)
  from space 27136K, 64% used [0x00000000fe580000,0x00000000ff6ac020,0x0000000100000000)
  to   space 27648K, 0% used [0x00000000fca00000,0x00000000fca00000,0x00000000fe500000)
 ParOldGen       total 86016K, used 61229K [0x00000000c0000000, 0x00000000c5400000, 0x00000000eab00000)
  object space 86016K, 71% used [0x00000000c0000000,0x00000000c3bcb488,0x00000000c5400000)
 Metaspace       used 17227K, capacity 18232K, committed 19328K, reserved 1067008K
  class space    used 2076K, capacity 2312K, committed 2688K, reserved 1048576K
}
Event: 4.157 GC heap before
{Heap before GC invocations=20 (full 1):
 PSYoungGen      total 321024K, used 311472K [0x00000000eab00000, 0x0000000100000000, 0x0000000100000000)
  eden space 293888K, 100% used [0x00000000eab00000,0x00000000fca00000,0x00000000fca00000)
  from space 27136K, 64% used [0x00000000fe580000,0x00000000ff6ac020,0x0000000100000000)
  to   space 27648K, 0% used [0x00000000fca00000,0x00000000fca00000,0x00000000fe500000)
 ParOldGen       total 86016K, used 61229K [0x00000000c0000000, 0x00000000c5400000, 0x00000000eab00000)
  object space 86016K, 71% used [0x00000000c0000000,0x00000000c3bcb488,0x00000000c5400000)
 Metaspace       used 17245K, capacity 18232K, committed 19328K, reserved 1067008K
  class space    used 2076K, capacity 2312K, committed 2688K, reserved 1048576K
Event: 4.167 GC heap after
Heap after GC invocations=20 (full 1):
 PSYoungGen      total 314880K, used 20736K [0x00000000eab00000, 0x0000000100000000, 0x0000000100000000)
  eden space 293888K, 0% used [0x00000000eab00000,0x00000000eab00000,0x00000000fca00000)
  from space 20992K, 98% used [0x00000000fca00000,0x00000000fde40010,0x00000000fde80000)
  to   space 29184K, 0% used [0x00000000fe380000,0x00000000fe380000,0x0000000100000000)
 ParOldGen       total 86016K, used 61229K [0x00000000c0000000, 0x00000000c5400000, 0x00000000eab00000)
  object space 86016K, 71% used [0x00000000c0000000,0x00000000c3bcb488,0x00000000c5400000)
 Metaspace       used 17245K, capacity 18232K, committed 19328K, reserved 1067008K
  class space    used 2076K, capacity 2312K, committed 2688K, reserved 1048576K
}
Event: 4.339 GC heap before
{Heap before GC invocations=21 (full 1):
 PSYoungGen      total 314880K, used 314624K [0x00000000eab00000, 0x0000000100000000, 0x0000000100000000)
  eden space 293888K, 100% used [0x00000000eab00000,0x00000000fca00000,0x00000000fca00000)
  from space 20992K, 98% used [0x00000000fca00000,0x00000000fde40010,0x00000000fde80000)
  to   space 29184K, 0% used [0x00000000fe380000,0x00000000fe380000,0x0000000100000000)
 ParOldGen       total 86016K, used 61229K [0x00000000c0000000, 0x00000000c5400000, 0x00000000eab00000)
  object space 86016K, 71% used [0x00000000c0000000,0x00000000c3bcb488,0x00000000c5400000)
 Metaspace       used 17256K, capacity 18232K, committed 19328K, reserved 1067008K
  class space    used 2076K, capacity 2312K, committed 2688K, reserved 1048576K
Event: 4.353 GC heap after
Heap after GC invocations=21 (full 1):
 PSYoungGen      total 315904K, used 23536K [0x00000000eab00000, 0x0000000100000000, 0x0000000100000000)
  eden space 286720K, 0% used [0x00000000eab00000,0x00000000eab00000,0x00000000fc300000)
  from space 29184K, 80% used [0x00000000fe380000,0x00000000ffa7c020,0x0000000100000000)
  to   space 31232K, 0% used [0x00000000fc300000,0x00000000fc300000,0x00000000fe180000)
 ParOldGen       total 86016K, used 61237K [0x00000000c0000000, 0x00000000c5400000, 0x00000000eab00000)
  object space 86016K, 71% used [0x00000000c0000000,0x00000000c3bcd488,0x00000000c5400000)
 Metaspace       used 17256K, capacity 18232K, committed 19328K, reserved 1067008K
  class space    used 2076K, capacity 2312K, committed 2688K, reserved 1048576K
}

